<?xml version="1.0" encoding="UTF-8"?>
<!-- Generated by org.testng.reporters.JUnitReportReporter -->
<testsuite hostname="DESKTOP-SKRGRIP" failures="0" tests="20" name="Home_Page_Menu.Home_Page_Footer_Menu" time="36.428" errors="0" timestamp="2025-02-13T17:34:50 IST" skipped="0">
  <testcase classname="Home_Page_Menu.Home_Page_Footer_Menu" name="Job_Enquiry_Apply_Here_Menu" time="1.386"/>
  <testcase classname="Home_Page_Menu.Home_Page_Footer_Menu" name="About_Us_Menu" time="1.160"/>
  <testcase classname="Home_Page_Menu.Home_Page_Footer_Menu" name="Careers_Menu" time="1.302"/>
  <testcase classname="Home_Page_Menu.Home_Page_Footer_Menu" name="Become_Our_Representative_Menu" time="1.053"/>
  <testcase classname="Home_Page_Menu.Home_Page_Footer_Menu" name="Privacy_Policy_Menu" time="1.046"/>
  <testcase classname="Home_Page_Menu.Home_Page_Footer_Menu" name="SiteMap_Menu" time="1.042"/>
  <testcase classname="Home_Page_Menu.Home_Page_Footer_Menu" name="Subscribe_NewsLetter_Field" time="6.772"/>
  <testcase classname="Home_Page_Menu.Home_Page_Footer_Menu" name="iOS_App_Development_Menu" time="2.468"/>
  <testcase classname="Home_Page_Menu.Home_Page_Footer_Menu" name="Android_App_Development_Menu" time="1.028"/>
  <testcase classname="Home_Page_Menu.Home_Page_Footer_Menu" name="Mobile_Games_Marketing_Menu" time="1.201"/>
  <testcase classname="Home_Page_Menu.Home_Page_Footer_Menu" name="App_Store_Optimization_Services_Menu" time="1.611"/>
  <testcase classname="Home_Page_Menu.Home_Page_Footer_Menu" name="IoT_Development_Services_Menu" time="1.240"/>
  <testcase classname="Home_Page_Menu.Home_Page_Footer_Menu" name="AI_Services_Menu" time="2.701"/>
  <testcase classname="Home_Page_Menu.Home_Page_Footer_Menu" name="GIS_Services_Menu" time="2.536"/>
  <testcase classname="Home_Page_Menu.Home_Page_Footer_Menu" name="Web_App_Development_Menu" time="1.949"/>
  <testcase classname="Home_Page_Menu.Home_Page_Footer_Menu" name="Wallet_Integration_Menu" time="1.540"/>
  <testcase classname="Home_Page_Menu.Home_Page_Footer_Menu" name="Conversion_Rate_Optimization_Services_Menu" time="1.028"/>
  <testcase classname="Home_Page_Menu.Home_Page_Footer_Menu" name="Performance_Marketing_Services_Menu" time="1.485"/>
  <testcase classname="Home_Page_Menu.Home_Page_Footer_Menu" name="School_Management_Software_Menu" time="2.563"/>
  <testcase classname="Home_Page_Menu.Home_Page_Footer_Menu" name="Intelligent_Business_Process_Automation_Software_Menu" time="1.317"/>
</testsuite> <!-- Home_Page_Menu.Home_Page_Footer_Menu -->
