<?xml version="1.0" encoding="UTF-8"?>
<!-- Generated by org.testng.reporters.JUnitReportReporter -->
<testsuite hostname="DESKTOP-SKRGRIP" failures="0" tests="17" name="Home_Page_Menu.Home_Page_Footer_Menu" time="372.605" errors="0" timestamp="2025-01-07T18:06:08 IST" skipped="0">
  <testcase classname="Home_Page_Menu.Home_Page_Footer_Menu" name="Job_Enquiry_Apply_Here_Menu" time="1.543"/>
  <testcase classname="Home_Page_Menu.Home_Page_Footer_Menu" name="About_Us_Menu" time="43.240"/>
  <testcase classname="Home_Page_Menu.Home_Page_Footer_Menu" name="Careers_Menu" time="81.117"/>
  <testcase classname="Home_Page_Menu.Home_Page_Footer_Menu" name="Become_Our_Representative_Menu" time="46.474"/>
  <testcase classname="Home_Page_Menu.Home_Page_Footer_Menu" name="Privacy_Policy_Menu" time="1.933"/>
  <testcase classname="Home_Page_Menu.Home_Page_Footer_Menu" name="Subscribe_NewsLetter_Field" time="6.880"/>
  <testcase classname="Home_Page_Menu.Home_Page_Footer_Menu" name="SiteMap_Menu" time="43.005"/>
  <testcase classname="Home_Page_Menu.Home_Page_Footer_Menu" name="iOS_App_Development_Menu" time="1.457"/>
  <testcase classname="Home_Page_Menu.Home_Page_Footer_Menu" name="Android_App_Development_Menu" time="48.430"/>
  <testcase classname="Home_Page_Menu.Home_Page_Footer_Menu" name="Mobile_Games_Marketing_Menu" time="2.019"/>
  <testcase classname="Home_Page_Menu.Home_Page_Footer_Menu" name="IoT_Development_Services_Menu" time="1.377"/>
  <testcase classname="Home_Page_Menu.Home_Page_Footer_Menu" name="Web_App_Development_Menu" time="42.952"/>
  <testcase classname="Home_Page_Menu.Home_Page_Footer_Menu" name="Blockchain_Development_Menu" time="43.038"/>
  <testcase classname="Home_Page_Menu.Home_Page_Footer_Menu" name="ICO_Marketing_Menu" time="3.720"/>
  <testcase classname="Home_Page_Menu.Home_Page_Footer_Menu" name="Wallet_Integration_Menu" time="1.398"/>
  <testcase classname="Home_Page_Menu.Home_Page_Footer_Menu" name="School_Management_Software_Menu" time="2.718"/>
  <testcase classname="Home_Page_Menu.Home_Page_Footer_Menu" name="Intelligent_Business_Process_Automation_Software_Menu" time="1.304"/>
</testsuite> <!-- Home_Page_Menu.Home_Page_Footer_Menu -->
