<?xml version="1.0" encoding="UTF-8"?>
<!-- Generated by org.testng.reporters.JUnitReportReporter -->
<testsuite hostname="DESKTOP-SKRGRIP" failures="0" tests="15" name="Home_Page_Menu.Header_About_Us_SubMenu" time="13.486" errors="0" timestamp="2024-10-08T10:32:46 IST" skipped="0">
  <testcase classname="Home_Page_Menu.Header_About_Us_SubMenu" name="Company_Fact_File_SubMenu" time="0.775"/>
  <testcase classname="Home_Page_Menu.Header_About_Us_SubMenu" name="Meet_the_Team_SubMenu" time="1.216"/>
  <testcase classname="Home_Page_Menu.Header_About_Us_SubMenu" name="Our_Clients_SubMenu" time="0.745"/>
  <testcase classname="Home_Page_Menu.Header_About_Us_SubMenu" name="Products_SubMenu" time="0.715"/>
  <testcase classname="Home_Page_Menu.Header_About_Us_SubMenu" name="Become_Our_Representative_SubMenu" time="0.680"/>
  <testcase classname="Home_Page_Menu.Header_About_Us_SubMenu" name="Business_Models_SubMenu" time="0.549"/>
  <testcase classname="Home_Page_Menu.Header_About_Us_SubMenu" name="Awards_SubMenu" time="1.009"/>
  <testcase classname="Home_Page_Menu.Header_About_Us_SubMenu" name="Partner_With_Us_SubMenu" time="1.251"/>
  <testcase classname="Home_Page_Menu.Header_About_Us_SubMenu" name="Testimonials_SubMenu" time="0.891"/>
  <testcase classname="Home_Page_Menu.Header_About_Us_SubMenu" name="Vendor_Registration_SubMenu" time="1.695"/>
  <testcase classname="Home_Page_Menu.Header_About_Us_SubMenu" name="Technologies_SubMenu" time="1.303"/>
  <testcase classname="Home_Page_Menu.Header_About_Us_SubMenu" name="Methodology_SubMenu" time="0.747"/>
  <testcase classname="Home_Page_Menu.Header_About_Us_SubMenu" name="Alliances_SubMenu" time="0.548"/>
  <testcase classname="Home_Page_Menu.Header_About_Us_SubMenu" name="Infrastructure_SubMenu" time="0.687"/>
  <testcase classname="Home_Page_Menu.Header_About_Us_SubMenu" name="Group_Companies_SubMenu" time="0.675"/>
</testsuite> <!-- Home_Page_Menu.Header_About_Us_SubMenu -->
