<?xml version="1.0" encoding="UTF-8"?>
<!-- Generated by org.testng.reporters.JUnitReportReporter -->
<testsuite hostname="DESKTOP-SKRGRIP" failures="0" tests="8" name="Home_Page_Menu.Header_Menu_Header" time="14.775" errors="0" timestamp="2024-10-14T10:03:44 IST" skipped="0">
  <testcase classname="Home_Page_Menu.Header_Menu_Header" name="Logo" time="0.502"/>
  <testcase classname="Home_Page_Menu.Header_Menu_Header" name="Home_Menu" time="0.464"/>
  <testcase classname="Home_Page_Menu.Header_Menu_Header" name="About_Us_Menu" time="1.717"/>
  <testcase classname="Home_Page_Menu.Header_Menu_Header" name="Get_Quote_Menu" time="1.439"/>
  <testcase classname="Home_Page_Menu.Header_Menu_Header" name="Contact_Menu" time="1.489"/>
  <testcase classname="Home_Page_Menu.Header_Menu_Header" name="Portfolio_Menu" time="1.166"/>
  <testcase classname="Home_Page_Menu.Header_Menu_Header" name="Blog_Menu" time="1.602"/>
  <testcase classname="Home_Page_Menu.Header_Menu_Header" name="Contact_Telephone_Icon_Menu" time="6.396"/>
</testsuite> <!-- Home_Page_Menu.Header_Menu_Header -->
