<?xml version="1.0" encoding="UTF-8"?>
<!-- Generated by org.testng.reporters.JUnitReportReporter -->
<testsuite hostname="DESKTOP-SKRGRIP" failures="0" tests="5" name="Home_Page_Menu.Header_Resource_Submenu" time="9.553" errors="0" timestamp="2024-10-14T10:03:44 IST" skipped="0">
  <testcase classname="Home_Page_Menu.Header_Resource_Submenu" name="Case_Studies_SubMenu" time="3.111"/>
  <testcase classname="Home_Page_Menu.Header_Resource_Submenu" name="White_Papers_SubMenu" time="1.968"/>
  <testcase classname="Home_Page_Menu.Header_Resource_Submenu" name="Ebooks_SubMenu" time="1.402"/>
  <testcase classname="Home_Page_Menu.Header_Resource_Submenu" name="Webinars_SubMenu" time="1.105"/>
  <testcase classname="Home_Page_Menu.Header_Resource_Submenu" name="Knowledge_Base_SubMenu" time="1.967"/>
</testsuite> <!-- Home_Page_Menu.Header_Resource_Submenu -->
