<?xml version="1.0" encoding="UTF-8"?>
<!-- Generated by org.testng.reporters.JUnitReportReporter -->
<testsuite hostname="DESKTOP-SKRGRIP" failures="0" tests="10" name="Home_Page_Menu.Header_Services_Submenu" time="13.346" errors="0" timestamp="2024-10-09T18:12:10 IST" skipped="0">
  <testcase classname="Home_Page_Menu.Header_Services_Submenu" name="Mobile_App_Development_SubMenu" time="1.513"/>
  <testcase classname="Home_Page_Menu.Header_Services_Submenu" name="Digital_Marketing_SubMenu" time="1.742"/>
  <testcase classname="Home_Page_Menu.Header_Services_Submenu" name="Mobile_App_Marketing_Agency_SubMenu" time="1.204"/>
  <testcase classname="Home_Page_Menu.Header_Services_Submenu" name="Hire_Our_Dedicated_Developers_SubMenu" time="1.263"/>
  <testcase classname="Home_Page_Menu.Header_Services_Submenu" name="Web_Design_And_Development_SubMenu" time="0.686"/>
  <testcase classname="Home_Page_Menu.Header_Services_Submenu" name="Business_Consulting_Services_SubMenu" time="1.204"/>
  <testcase classname="Home_Page_Menu.Header_Services_Submenu" name="AI_Services_SubMenu" time="1.313"/>
  <testcase classname="Home_Page_Menu.Header_Services_Submenu" name="Wallet_Integration_Service_SubMenu" time="0.933"/>
  <testcase classname="Home_Page_Menu.Header_Services_Submenu" name="Blockchain_Development_SubMenu" time="2.294"/>
  <testcase classname="Home_Page_Menu.Header_Services_Submenu" name="Managed_Services_SubMenu" time="1.194"/>
</testsuite> <!-- Home_Page_Menu.Header_Services_Submenu -->
