<?xml version="1.0" encoding="UTF-8"?>
<!-- Generated by org.testng.reporters.JUnitReportReporter -->
<testsuite hostname="DESKTOP-SKRGRIP" failures="0" tests="1" name="Home_Page_Menu.Services_MobileAppDevelopmentMenu" time="2.685" errors="0" timestamp="2024-12-31T12:09:53 IST" skipped="0">
  <testcase classname="Home_Page_Menu.Services_MobileAppDevelopmentMenu" name="Blockchain_Development_SubMenu" time="2.685"/>
</testsuite> <!-- Home_Page_Menu.Services_MobileAppDevelopmentMenu -->
