<?xml version="1.0" encoding="UTF-8"?>
<!-- Generated by org.testng.reporters.JUnitReportReporter -->
<testsuite hostname="DESKTOP-SKRGRIP" failures="0" tests="6" name="Form_Filling_Test.Forms_Validation" time="127.529" errors="0" timestamp="2024-10-08T10:32:46 IST" skipped="0">
  <testcase classname="Form_Filling_Test.Forms_Validation" name="ContactForm" time="18.389"/>
  <testcase classname="Form_Filling_Test.Forms_Validation" name="GetQuoteForm" time="19.752"/>
  <testcase classname="Form_Filling_Test.Forms_Validation" name="QuickConsultationForm" time="13.686"/>
  <testcase classname="Form_Filling_Test.Forms_Validation" name="JobApplicationForm" time="33.821"/>
  <testcase classname="Form_Filling_Test.Forms_Validation" name="SendMessageForm" time="18.202"/>
  <testcase classname="Form_Filling_Test.Forms_Validation" name="Vendor_Form_Filling" time="23.679"/>
</testsuite> <!-- Form_Filling_Test.Forms_Validation -->
