<?xml version="1.0" encoding="UTF-8"?>
<!-- Generated by org.testng.reporters.JUnitReportReporter -->
<testsuite hostname="DESKTOP-SKRGRIP" failures="0" tests="1" name="Home_Page_Menu.Services_MobileAppMarketingAgency_Menu" time="28.438" errors="0" timestamp="2024-12-31T12:24:23 IST" skipped="0">
  <testcase classname="Home_Page_Menu.Services_MobileAppMarketingAgency_Menu" name="App_Store_Optimization_Services_SubMenu" time="28.438"/>
</testsuite> <!-- Home_Page_Menu.Services_MobileAppMarketingAgency_Menu -->
