<?xml version="1.0" encoding="UTF-8"?>
<!-- Generated by org.testng.reporters.JUnitReportReporter -->
<testsuite hostname="DESKTOP-SKRGRIP" failures="0" tests="3" name="Home_Page_Menu.Header_Menu" time="2.511" errors="0" timestamp="2024-06-25T11:40:01 IST" skipped="0">
  <testcase classname="Home_Page_Menu.Header_Menu" name="Logo" time="0.430"/>
  <testcase classname="Home_Page_Menu.Header_Menu" name="Home_Menu" time="1.221"/>
  <testcase classname="Home_Page_Menu.Header_Menu" name="WhoWeAre_SubMenu" time="0.860"/>
</testsuite> <!-- Home_Page_Menu.Header_Menu -->
