<?xml version="1.0" encoding="UTF-8"?>
<!-- Generated by org.testng.reporters.JUnitReportReporter -->
<testsuite hostname="DESKTOP-SKRGRIP" failures="0" tests="1" name="Home_Page_Menu.log4jchecj" time="3.262" errors="0" timestamp="2024-10-08T13:04:55 IST" skipped="0">
  <testcase classname="Home_Page_Menu.log4jchecj" name="test" time="3.262"/>
</testsuite> <!-- Home_Page_Menu.log4jchecj -->
