<?xml version="1.0" encoding="UTF-8"?>
<!-- Generated by org.testng.reporters.JUnitReportReporter -->
<testsuite hostname="DESKTOP-SKRGRIP" failures="0" tests="6" name="Home_Page_Menu.Home_Page_Footer_Menu" time="7.447" errors="0" timestamp="2024-10-08T10:32:46 IST" skipped="0">
  <testcase classname="Home_Page_Menu.Home_Page_Footer_Menu" name="Job_Enquiry_Apply_Here_Menu" time="1.328"/>
  <testcase classname="Home_Page_Menu.Home_Page_Footer_Menu" name="About_Us_Menu" time="1.960"/>
  <testcase classname="Home_Page_Menu.Home_Page_Footer_Menu" name="Careers_Menu" time="1.380"/>
  <testcase classname="Home_Page_Menu.Home_Page_Footer_Menu" name="Become_Our_Representative_Menu" time="0.944"/>
  <testcase classname="Home_Page_Menu.Home_Page_Footer_Menu" name="Privacy_Policy_Menu" time="0.925"/>
  <testcase classname="Home_Page_Menu.Home_Page_Footer_Menu" name="SiteMap_Menu" time="0.910"/>
</testsuite> <!-- Home_Page_Menu.Home_Page_Footer_Menu -->
