<?xml version="1.0" encoding="UTF-8"?>
<!-- Generated by org.testng.reporters.JUnitReportReporter -->
<testsuite hostname="DESKTOP-SKRGRIP" failures="0" tests="5" name="Home_Page_Menu.Services_HireOurDedicatedDevelopers" time="70.098" errors="0" timestamp="2024-10-25T18:39:45 IST" skipped="0">
  <testcase classname="Home_Page_Menu.Services_HireOurDedicatedDevelopers" name="Hire_Our_Android_Developer_SubMenu" time="23.195"/>
  <testcase classname="Home_Page_Menu.Services_HireOurDedicatedDevelopers" name="Hire_Our_iOS_Developers_SubMenu" time="20.839"/>
  <testcase classname="Home_Page_Menu.Services_HireOurDedicatedDevelopers" name="Hire_Our_WordPress_Developers_SubMenu" time="3.777"/>
  <testcase classname="Home_Page_Menu.Services_HireOurDedicatedDevelopers" name="Hire_Our_PHP_Developers_SubMenu" time="3.219"/>
  <testcase classname="Home_Page_Menu.Services_HireOurDedicatedDevelopers" name="Hire_Our_DotNET_Developers_SubMenu" time="19.068"/>
</testsuite> <!-- Home_Page_Menu.Services_HireOurDedicatedDevelopers -->
