<?xml version="1.0" encoding="UTF-8"?>
<!-- Generated by org.testng.reporters.JUnitReportReporter -->
<testsuite hostname="DESKTOP-SKRGRIP" failures="0" tests="7" name="Home_Page_Menu.Services_MobileAppDevelopmentMenu" time="24.208" errors="0" timestamp="2024-10-08T14:21:26 IST" skipped="0">
  <testcase classname="Home_Page_Menu.Services_MobileAppDevelopmentMenu" name="Android_App_Development_SubMenu" time="2.151"/>
  <testcase classname="Home_Page_Menu.Services_MobileAppDevelopmentMenu" name="Enterprise_Mobile_Application_Development_SubMenu" time="4.783"/>
  <testcase classname="Home_Page_Menu.Services_MobileAppDevelopmentMenu" name="Startup_App_Development_SubMenu" time="1.352"/>
  <testcase classname="Home_Page_Menu.Services_MobileAppDevelopmentMenu" name="iOS_App_Developmentt_SubMenu" time="5.373"/>
  <testcase classname="Home_Page_Menu.Services_MobileAppDevelopmentMenu" name="iPad_App_Development_SubMenu" time="3.444"/>
  <testcase classname="Home_Page_Menu.Services_MobileAppDevelopmentMenu" name="HTML5_Development_SubMenu" time="3.356"/>
  <testcase classname="Home_Page_Menu.Services_MobileAppDevelopmentMenu" name="Windows_Application_Development_SubMenu" time="3.749"/>
</testsuite> <!-- Home_Page_Menu.Services_MobileAppDevelopmentMenu -->
