<?xml version="1.0" encoding="UTF-8"?>
<!-- Generated by org.testng.reporters.JUnitReportReporter -->
<testsuite hostname="DESKTOP-SKRGRIP" failures="0" tests="1" name="Home_Page_Menu.Social_Media_Icons_Footer" time="5.249" errors="0" timestamp="2025-02-13T17:02:01 IST" skipped="0">
  <testcase classname="Home_Page_Menu.Social_Media_Icons_Footer" name="Instagram_Icon" time="5.249"/>
</testsuite> <!-- Home_Page_Menu.Social_Media_Icons_Footer -->
