<?xml version="1.0" encoding="UTF-8"?>
<!-- Generated by org.testng.reporters.JUnitReportReporter -->
<testsuite hostname="DESKTOP-SKRGRIP" failures="0" tests="5" name="Home_Page_Menu.Services_WebDesignAndDevelopment_CMS_Submenu" time="12.576" errors="0" timestamp="2025-02-14T11:49:50 IST" skipped="0">
  <testcase classname="Home_Page_Menu.Services_WebDesignAndDevelopment_CMS_Submenu" name="Drupal_Development_SubMenu" time="2.826"/>
  <testcase classname="Home_Page_Menu.Services_WebDesignAndDevelopment_CMS_Submenu" name="Joomla_Development_SubMenu" time="2.513"/>
  <testcase classname="Home_Page_Menu.Services_WebDesignAndDevelopment_CMS_Submenu" name="Magento_Development_SubMenu" time="2.020"/>
  <testcase classname="Home_Page_Menu.Services_WebDesignAndDevelopment_CMS_Submenu" name="Woocommerce_SubMenu" time="2.408"/>
  <testcase classname="Home_Page_Menu.Services_WebDesignAndDevelopment_CMS_Submenu" name="WordPress_Development_SubMenu" time="2.809"/>
</testsuite> <!-- Home_Page_Menu.Services_WebDesignAndDevelopment_CMS_Submenu -->
