<?xml version="1.0" encoding="UTF-8"?>
<!-- Generated by org.testng.reporters.JUnitReportReporter -->
<testsuite hostname="DESKTOP-SKRGRIP" failures="0" tests="1" name="Form_Filling_Test.Contact_Us_Form" time="15.125" errors="0" timestamp="2024-06-28T11:02:22 IST" skipped="0">
  <testcase classname="Form_Filling_Test.Contact_Us_Form" name="form_Filling" time="15.125"/>
</testsuite> <!-- Form_Filling_Test.Contact_Us_Form -->
