<?xml version="1.0" encoding="UTF-8"?>
<!-- Generated by org.testng.reporters.JUnitReportReporter -->
<testsuite hostname="DESKTOP-SKRGRIP" failures="0" tests="13" name="Home_Page_Menu.Home_Menu_Body" time="62.449" errors="0" timestamp="2025-01-07T14:39:20 IST" skipped="0">
  <testcase classname="Home_Page_Menu.Home_Menu_Body" name="Get_In_Touch_1_button" time="6.808"/>
  <testcase classname="Home_Page_Menu.Home_Menu_Body" name="Get_In_Touch_2_button" time="6.257"/>
  <testcase classname="Home_Page_Menu.Home_Menu_Body" name="Get_In_Touch_3_button" time="3.331"/>
  <testcase classname="Home_Page_Menu.Home_Menu_Body" name="OurServices_Seamore_button" time="4.313"/>
  <testcase classname="Home_Page_Menu.Home_Menu_Body" name="ExploreMore_button" time="0.960"/>
  <testcase classname="Home_Page_Menu.Home_Menu_Body" name="ourServices_MobileAppDevelopment_Menu" time="1.741"/>
  <testcase classname="Home_Page_Menu.Home_Menu_Body" name="ourServices_DedicatedDevelopers_Menu" time="4.860"/>
  <testcase classname="Home_Page_Menu.Home_Menu_Body" name="ourServices_DigitalMarketingServices_Menu" time="6.985"/>
  <testcase classname="Home_Page_Menu.Home_Menu_Body" name="ourServices_MobileAppMarketing_Menu" time="4.405"/>
  <testcase classname="Home_Page_Menu.Home_Menu_Body" name="ourServices_IoTDevelopment_Menu" time="4.743"/>
  <testcase classname="Home_Page_Menu.Home_Menu_Body" name="ourServices_EnterpriseAppDevelopment_Menu" time="6.487"/>
  <testcase classname="Home_Page_Menu.Home_Menu_Body" name="ourServices_UIorUXDesign_Menu" time="5.276"/>
  <testcase classname="Home_Page_Menu.Home_Menu_Body" name="ourServices_WebDevelopmentServices_Menu" time="6.283"/>
</testsuite> <!-- Home_Page_Menu.Home_Menu_Body -->
