<?xml version="1.0" encoding="UTF-8"?>
<!-- Generated by org.testng.reporters.JUnitReportReporter -->
<testsuite hostname="DESKTOP-SKRGRIP" failures="0" tests="1" name="Form_Filling_Test.Vendor_Registration_Form" time="32.646" errors="0" timestamp="2024-07-03T17:02:34 IST" skipped="0">
  <testcase classname="Form_Filling_Test.Vendor_Registration_Form" name="Vendor_Form_Filling" time="32.646"/>
</testsuite> <!-- Form_Filling_Test.Vendor_Registration_Form -->
