<?xml version="1.0" encoding="UTF-8"?>
<!-- Generated by org.testng.reporters.JUnitReportReporter -->
<testsuite hostname="DESKTOP-SKRGRIP" failures="0" tests="5" name="Home_Page_Menu.Services_GIS_ServicesMenu" time="19.383" errors="0" timestamp="2024-12-31T15:44:50 IST" skipped="0">
  <testcase classname="Home_Page_Menu.Services_GIS_ServicesMenu" name="BIM_Services_SubMenu" time="4.164"/>
  <testcase classname="Home_Page_Menu.Services_GIS_ServicesMenu" name="Digital_Photogrammetry_Services_SubMenu" time="3.962"/>
  <testcase classname="Home_Page_Menu.Services_GIS_ServicesMenu" name="LiDAR_Services_SubMenu" time="3.321"/>
  <testcase classname="Home_Page_Menu.Services_GIS_ServicesMenu" name="Mobile_LiDAR_SubMenu" time="4.471"/>
  <testcase classname="Home_Page_Menu.Services_GIS_ServicesMenu" name="Orthophoto_Process_SubMenu" time="3.465"/>
</testsuite> <!-- Home_Page_Menu.Services_GIS_ServicesMenu -->
