<?xml version="1.0" encoding="UTF-8"?>
<!-- Generated by org.testng.reporters.JUnitReportReporter -->
<testsuite hostname="DESKTOP-SKRGRIP" failures="0" tests="8" name="Home_Page_Menu.Header_Menu_Header" time="116.184" errors="0" timestamp="2025-02-13T17:06:00 IST" skipped="0">
  <testcase classname="Home_Page_Menu.Header_Menu_Header" name="Logo" time="1.333"/>
  <testcase classname="Home_Page_Menu.Header_Menu_Header" name="Home_Menu" time="20.676"/>
  <testcase classname="Home_Page_Menu.Header_Menu_Header" name="About_Us_Menu" time="20.511"/>
  <testcase classname="Home_Page_Menu.Header_Menu_Header" name="Get_Quote_Menu" time="23.994"/>
  <testcase classname="Home_Page_Menu.Header_Menu_Header" name="Contact_Menu" time="1.444"/>
  <testcase classname="Home_Page_Menu.Header_Menu_Header" name="Portfolio_Menu" time="1.353"/>
  <testcase classname="Home_Page_Menu.Header_Menu_Header" name="Blog_Menu" time="20.163"/>
  <testcase classname="Home_Page_Menu.Header_Menu_Header" name="Contact_Telephone_Icon_Menu" time="26.710"/>
</testsuite> <!-- Home_Page_Menu.Header_Menu_Header -->
