<?xml version="1.0" encoding="UTF-8"?>
<!-- Generated by org.testng.reporters.JUnitReportReporter -->
<testsuite hostname="DESKTOP-SKRGRIP" failures="0" tests="4" name="Form_Filling_Test.Forms_Validation" time="139.461" errors="0" timestamp="2025-01-07T13:21:35 IST" skipped="0">
  <testcase classname="Form_Filling_Test.Forms_Validation" name="ContactForm" time="58.844"/>
  <testcase classname="Form_Filling_Test.Forms_Validation" name="GetQuoteForm" time="16.162"/>
  <testcase classname="Form_Filling_Test.Forms_Validation" name="QuickConsultationForm" time="15.057"/>
  <testcase classname="Form_Filling_Test.Forms_Validation" name="JobApplicationForm" time="49.398"/>
</testsuite> <!-- Form_Filling_Test.Forms_Validation -->
