<?xml version="1.0" encoding="UTF-8"?>
<!-- Generated by org.testng.reporters.JUnitReportReporter -->
<testsuite hostname="DESKTOP-SKRGRIP" failures="0" tests="1" name="Form_Filling_Test.Quick_Consultation_Form" time="16.502" errors="0" timestamp="2024-06-28T11:02:22 IST" skipped="0">
  <testcase classname="Form_Filling_Test.Quick_Consultation_Form" name="form_Filling" time="16.502"/>
</testsuite> <!-- Form_Filling_Test.Quick_Consultation_Form -->
