<?xml version="1.0" encoding="UTF-8"?>
<!-- Generated by org.testng.reporters.JUnitReportReporter -->
<testsuite hostname="DESKTOP-SKRGRIP" failures="0" tests="1" name="Form_Filling_Test.Forms_Validation" time="27.572" errors="0" timestamp="2025-05-06T16:28:11 IST" skipped="0">
  <testcase classname="Form_Filling_Test.Forms_Validation" name="SendMessageForm" time="27.572"/>
</testsuite> <!-- Form_Filling_Test.Forms_Validation -->
