<?xml version="1.0" encoding="UTF-8"?>
<!-- Generated by org.testng.reporters.JUnitReportReporter -->
<testsuite hostname="DESKTOP-SKRGRIP" failures="0" tests="3" name="Home_Page_Menu.Home_Menu_Body" time="13.240" errors="0" timestamp="2024-10-09T18:12:10 IST" skipped="0">
  <testcase classname="Home_Page_Menu.Home_Menu_Body" name="Get_In_Touch_1_button" time="5.394"/>
  <testcase classname="Home_Page_Menu.Home_Menu_Body" name="Get_In_Touch_2_button" time="5.194"/>
  <testcase classname="Home_Page_Menu.Home_Menu_Body" name="Get_In_Touch_3_button" time="2.652"/>
</testsuite> <!-- Home_Page_Menu.Home_Menu_Body -->
