<?xml version="1.0" encoding="UTF-8"?>
<!-- Generated by org.testng.reporters.JUnitReportReporter -->
<testsuite hostname="DESKTOP-SKRGRIP" failures="0" tests="3" name="Home_Page_Menu.Services_Web_DesignAndDevelopment_Submenu" time="27.910" errors="0" timestamp="2025-02-14T11:29:35 IST" skipped="0">
  <testcase classname="Home_Page_Menu.Services_Web_DesignAndDevelopment_Submenu" name="Web_Development_Menu" time="24.087"/>
  <testcase classname="Home_Page_Menu.Services_Web_DesignAndDevelopment_Submenu" name="UI_And_UX_Design_Menu" time="1.947"/>
  <testcase classname="Home_Page_Menu.Services_Web_DesignAndDevelopment_Submenu" name="Content_Management_System_Menu" time="1.876"/>
</testsuite> <!-- Home_Page_Menu.Services_Web_DesignAndDevelopment_Submenu -->
