<?xml version="1.0" encoding="UTF-8"?>
<!-- Generated by org.testng.reporters.JUnitReportReporter -->
<testsuite hostname="DESKTOP-SKRGRIP" failures="0" tests="6" name="Form_Filling_Test.Forms_Validation" time="108.031" errors="0" timestamp="2025-01-08T09:49:56 IST" skipped="0">
  <testcase classname="Form_Filling_Test.Forms_Validation" name="ContactForm" time="14.546"/>
  <testcase classname="Form_Filling_Test.Forms_Validation" name="GetQuoteForm" time="14.071"/>
  <testcase classname="Form_Filling_Test.Forms_Validation" name="QuickConsultationForm" time="12.978"/>
  <testcase classname="Form_Filling_Test.Forms_Validation" name="JobApplicationForm" time="30.304"/>
  <testcase classname="Form_Filling_Test.Forms_Validation" name="SendMessageForm" time="12.249"/>
  <testcase classname="Form_Filling_Test.Forms_Validation" name="Vendor_Form_Filling" time="23.883"/>
</testsuite> <!-- Form_Filling_Test.Forms_Validation -->
