<?xml version="1.0" encoding="UTF-8"?>
<!-- Generated by org.testng.reporters.JUnitReportReporter -->
<testsuite hostname="DESKTOP-SKRGRIP" failures="0" tests="8" name="Home_Page_Menu.Header_Menu_Header" time="180.837" errors="0" timestamp="2024-10-16T10:12:12 IST" skipped="0">
  <testcase classname="Home_Page_Menu.Header_Menu_Header" name="Logo" time="44.003"/>
  <testcase classname="Home_Page_Menu.Header_Menu_Header" name="Home_Menu" time="0.542"/>
  <testcase classname="Home_Page_Menu.Header_Menu_Header" name="About_Us_Menu" time="42.722"/>
  <testcase classname="Home_Page_Menu.Header_Menu_Header" name="Get_Quote_Menu" time="1.509"/>
  <testcase classname="Home_Page_Menu.Header_Menu_Header" name="Contact_Menu" time="42.647"/>
  <testcase classname="Home_Page_Menu.Header_Menu_Header" name="Portfolio_Menu" time="2.242"/>
  <testcase classname="Home_Page_Menu.Header_Menu_Header" name="Blog_Menu" time="42.724"/>
  <testcase classname="Home_Page_Menu.Header_Menu_Header" name="Contact_Telephone_Icon_Menu" time="4.448"/>
</testsuite> <!-- Home_Page_Menu.Header_Menu_Header -->
