<?xml version="1.0" encoding="UTF-8"?>
<!-- Generated by org.testng.reporters.JUnitReportReporter -->
<testsuite hostname="DESKTOP-SKRGRIP" failures="0" tests="14" name="Home_Page_Menu.Services_DigitalMarketingMenu" time="47.185" errors="0" timestamp="2024-10-17T10:09:29 IST" skipped="0">
  <testcase classname="Home_Page_Menu.Services_DigitalMarketingMenu" name="Performance_Marketing_services_SubMenu" time="3.516"/>
  <testcase classname="Home_Page_Menu.Services_DigitalMarketingMenu" name="SaaS_Marketing_SubMenu" time="6.477"/>
  <testcase classname="Home_Page_Menu.Services_DigitalMarketingMenu" name="ICO_Marketing_SubMenu" time="3.277"/>
  <testcase classname="Home_Page_Menu.Services_DigitalMarketingMenu" name="Influencer_Marketing_Services_SubMenu" time="3.051"/>
  <testcase classname="Home_Page_Menu.Services_DigitalMarketingMenu" name="Search_Engine_Optimization_SubMenu" time="2.894"/>
  <testcase classname="Home_Page_Menu.Services_DigitalMarketingMenu" name="PPC_Management_and_Strategy_SubMenu" time="3.031"/>
  <testcase classname="Home_Page_Menu.Services_DigitalMarketingMenu" name="Social_Media_Management_and_Strategy_SubMenu" time="3.328"/>
  <testcase classname="Home_Page_Menu.Services_DigitalMarketingMenu" name="Conversion_Rate_Optimization_Services_SubMenu" time="2.955"/>
  <testcase classname="Home_Page_Menu.Services_DigitalMarketingMenu" name="Multilingual_SEO_SubMenu" time="2.867"/>
  <testcase classname="Home_Page_Menu.Services_DigitalMarketingMenu" name="Google_Search_Optimization_SubMenu" time="3.303"/>
  <testcase classname="Home_Page_Menu.Services_DigitalMarketingMenu" name="Google_Grants_SubMenu" time="2.866"/>
  <testcase classname="Home_Page_Menu.Services_DigitalMarketingMenu" name="Inbound_marketing_services_SubMenu" time="3.563"/>
  <testcase classname="Home_Page_Menu.Services_DigitalMarketingMenu" name="DV360_Traffic_Management_Services_SubMenu" time="3.034"/>
  <testcase classname="Home_Page_Menu.Services_DigitalMarketingMenu" name="Account_Based_Marketing_Services_SubMenu" time="3.023"/>
</testsuite> <!-- Home_Page_Menu.Services_DigitalMarketingMenu -->
