<?xml version="1.0" encoding="UTF-8"?>
<!-- Generated by org.testng.reporters.JUnitReportReporter -->
<testsuite hostname="DESKTOP-SKRGRIP" failures="0" tests="14" name="Home_Page_Menu.Services_DigitalMarketingMenu" time="30.332" errors="0" timestamp="2025-05-07T10:19:29 IST" skipped="0">
  <testcase classname="Home_Page_Menu.Services_DigitalMarketingMenu" name="Performance_Marketing_services_SubMenu" time="1.837"/>
  <testcase classname="Home_Page_Menu.Services_DigitalMarketingMenu" name="SaaS_Marketing_SubMenu" time="5.966"/>
  <testcase classname="Home_Page_Menu.Services_DigitalMarketingMenu" name="ICO_Marketing_SubMenu" time="1.532"/>
  <testcase classname="Home_Page_Menu.Services_DigitalMarketingMenu" name="Influencer_Marketing_Services_SubMenu" time="2.034"/>
  <testcase classname="Home_Page_Menu.Services_DigitalMarketingMenu" name="Search_Engine_Optimization_SubMenu" time="2.956"/>
  <testcase classname="Home_Page_Menu.Services_DigitalMarketingMenu" name="PPC_Management_and_Strategy_SubMenu" time="2.714"/>
  <testcase classname="Home_Page_Menu.Services_DigitalMarketingMenu" name="Social_Media_Management_and_Strategy_SubMenu" time="1.562"/>
  <testcase classname="Home_Page_Menu.Services_DigitalMarketingMenu" name="Conversion_Rate_Optimization_Services_SubMenu" time="2.051"/>
  <testcase classname="Home_Page_Menu.Services_DigitalMarketingMenu" name="Multilingual_SEO_SubMenu" time="1.472"/>
  <testcase classname="Home_Page_Menu.Services_DigitalMarketingMenu" name="Google_Search_Optimization_SubMenu" time="2.100"/>
  <testcase classname="Home_Page_Menu.Services_DigitalMarketingMenu" name="Google_Grants_SubMenu" time="1.479"/>
  <testcase classname="Home_Page_Menu.Services_DigitalMarketingMenu" name="Inbound_marketing_services_SubMenu" time="1.583"/>
  <testcase classname="Home_Page_Menu.Services_DigitalMarketingMenu" name="DV360_Traffic_Management_Services_SubMenu" time="1.551"/>
  <testcase classname="Home_Page_Menu.Services_DigitalMarketingMenu" name="Account_Based_Marketing_Services_SubMenu" time="1.495"/>
</testsuite> <!-- Home_Page_Menu.Services_DigitalMarketingMenu -->
