<?xml version="1.0" encoding="UTF-8"?>
<!-- Generated by org.testng.reporters.JUnitReportReporter -->
<testsuite hostname="DESKTOP-SKRGRIP" failures="0" tests="14" name="Home_Page_Menu.Services_DigitalMarketingMenu" time="26.326" errors="0" timestamp="2025-01-08T09:49:56 IST" skipped="0">
  <testcase classname="Home_Page_Menu.Services_DigitalMarketingMenu" name="Performance_Marketing_services_SubMenu" time="1.407"/>
  <testcase classname="Home_Page_Menu.Services_DigitalMarketingMenu" name="SaaS_Marketing_SubMenu" time="6.686"/>
  <testcase classname="Home_Page_Menu.Services_DigitalMarketingMenu" name="ICO_Marketing_SubMenu" time="1.431"/>
  <testcase classname="Home_Page_Menu.Services_DigitalMarketingMenu" name="Influencer_Marketing_Services_SubMenu" time="1.456"/>
  <testcase classname="Home_Page_Menu.Services_DigitalMarketingMenu" name="Search_Engine_Optimization_SubMenu" time="2.358"/>
  <testcase classname="Home_Page_Menu.Services_DigitalMarketingMenu" name="PPC_Management_and_Strategy_SubMenu" time="1.422"/>
  <testcase classname="Home_Page_Menu.Services_DigitalMarketingMenu" name="Social_Media_Management_and_Strategy_SubMenu" time="1.422"/>
  <testcase classname="Home_Page_Menu.Services_DigitalMarketingMenu" name="Conversion_Rate_Optimization_Services_SubMenu" time="1.383"/>
  <testcase classname="Home_Page_Menu.Services_DigitalMarketingMenu" name="Multilingual_SEO_SubMenu" time="1.446"/>
  <testcase classname="Home_Page_Menu.Services_DigitalMarketingMenu" name="Google_Search_Optimization_SubMenu" time="1.326"/>
  <testcase classname="Home_Page_Menu.Services_DigitalMarketingMenu" name="Google_Grants_SubMenu" time="1.469"/>
  <testcase classname="Home_Page_Menu.Services_DigitalMarketingMenu" name="Inbound_marketing_services_SubMenu" time="1.286"/>
  <testcase classname="Home_Page_Menu.Services_DigitalMarketingMenu" name="DV360_Traffic_Management_Services_SubMenu" time="1.811"/>
  <testcase classname="Home_Page_Menu.Services_DigitalMarketingMenu" name="Account_Based_Marketing_Services_SubMenu" time="1.423"/>
</testsuite> <!-- Home_Page_Menu.Services_DigitalMarketingMenu -->
