<?xml version="1.0" encoding="UTF-8"?>
<!-- Generated by org.testng.reporters.JUnitReportReporter -->
<testsuite hostname="DESKTOP-SKRGRIP" failures="0" tests="5" name="Home_Page_Menu.Services_MobileAppDevelopmentMenu" time="27.336" errors="0" timestamp="2025-05-07T10:19:29 IST" skipped="0">
  <testcase classname="Home_Page_Menu.Services_MobileAppDevelopmentMenu" name="Android_App_Development_SubMenu" time="2.634"/>
  <testcase classname="Home_Page_Menu.Services_MobileAppDevelopmentMenu" name="Enterprise_Mobile_Application_Development_SubMenu" time="2.367"/>
  <testcase classname="Home_Page_Menu.Services_MobileAppDevelopmentMenu" name="Startup_App_Development_SubMenu" time="17.572"/>
  <testcase classname="Home_Page_Menu.Services_MobileAppDevelopmentMenu" name="iOS_App_Developmentt_SubMenu" time="2.073"/>
  <testcase classname="Home_Page_Menu.Services_MobileAppDevelopmentMenu" name="Blockchain_Development_SubMenu" time="2.690"/>
</testsuite> <!-- Home_Page_Menu.Services_MobileAppDevelopmentMenu -->
