<?xml version="1.0" encoding="UTF-8"?>
<!-- Generated by org.testng.reporters.JUnitReportReporter -->
<testsuite hostname="DESKTOP-SKRGRIP" failures="0" tests="7" name="Home_Page_Menu.Social_Media_Icons_Footer" time="32.720" errors="0" timestamp="2024-10-16T10:12:12 IST" skipped="0">
  <testcase classname="Home_Page_Menu.Social_Media_Icons_Footer" name="Whatsapp_Icon" time="12.334"/>
  <testcase classname="Home_Page_Menu.Social_Media_Icons_Footer" name="Facebook_Icon" time="3.455"/>
  <testcase classname="Home_Page_Menu.Social_Media_Icons_Footer" name="Twitter_Icon" time="1.672"/>
  <testcase classname="Home_Page_Menu.Social_Media_Icons_Footer" name="Pinterest_Icon" time="3.763"/>
  <testcase classname="Home_Page_Menu.Social_Media_Icons_Footer" name="Youtube_Icon" time="3.944"/>
  <testcase classname="Home_Page_Menu.Social_Media_Icons_Footer" name="Instagram_Icon" time="3.986"/>
  <testcase classname="Home_Page_Menu.Social_Media_Icons_Footer" name="Linkedin_Icon" time="3.566"/>
</testsuite> <!-- Home_Page_Menu.Social_Media_Icons_Footer -->
