<?xml version="1.0" encoding="UTF-8"?>
<!-- Generated by org.testng.reporters.JUnitReportReporter -->
<testsuite hostname="DESKTOP-SKRGRIP" failures="0" tests="6" name="Home_Page_Menu.Home_Page_Footer_Menu" time="205.754" errors="0" timestamp="2024-10-16T10:12:12 IST" skipped="0">
  <testcase classname="Home_Page_Menu.Home_Page_Footer_Menu" name="Job_Enquiry_Apply_Here_Menu" time="1.013"/>
  <testcase classname="Home_Page_Menu.Home_Page_Footer_Menu" name="About_Us_Menu" time="3.218"/>
  <testcase classname="Home_Page_Menu.Home_Page_Footer_Menu" name="Careers_Menu" time="76.003"/>
  <testcase classname="Home_Page_Menu.Home_Page_Footer_Menu" name="Become_Our_Representative_Menu" time="1.587"/>
  <testcase classname="Home_Page_Menu.Home_Page_Footer_Menu" name="Privacy_Policy_Menu" time="43.155"/>
  <testcase classname="Home_Page_Menu.Home_Page_Footer_Menu" name="SiteMap_Menu" time="80.778"/>
</testsuite> <!-- Home_Page_Menu.Home_Page_Footer_Menu -->
