<?xml version="1.0" encoding="UTF-8"?>
<!-- Generated by org.testng.reporters.JUnitReportReporter -->
<testsuite hostname="DESKTOP-SKRGRIP" failures="0" tests="15" name="Home_Page_Menu.Header_About_Us_SubMenu" time="11.984" errors="0" timestamp="2024-10-17T10:09:29 IST" skipped="0">
  <testcase classname="Home_Page_Menu.Header_About_Us_SubMenu" name="Company_Fact_File_SubMenu" time="0.848"/>
  <testcase classname="Home_Page_Menu.Header_About_Us_SubMenu" name="Meet_the_Team_SubMenu" time="0.718"/>
  <testcase classname="Home_Page_Menu.Header_About_Us_SubMenu" name="Our_Clients_SubMenu" time="0.706"/>
  <testcase classname="Home_Page_Menu.Header_About_Us_SubMenu" name="Products_SubMenu" time="0.674"/>
  <testcase classname="Home_Page_Menu.Header_About_Us_SubMenu" name="Become_Our_Representative_SubMenu" time="0.692"/>
  <testcase classname="Home_Page_Menu.Header_About_Us_SubMenu" name="Business_Models_SubMenu" time="0.668"/>
  <testcase classname="Home_Page_Menu.Header_About_Us_SubMenu" name="Awards_SubMenu" time="0.853"/>
  <testcase classname="Home_Page_Menu.Header_About_Us_SubMenu" name="Partner_With_Us_SubMenu" time="0.704"/>
  <testcase classname="Home_Page_Menu.Header_About_Us_SubMenu" name="Testimonials_SubMenu" time="0.762"/>
  <testcase classname="Home_Page_Menu.Header_About_Us_SubMenu" name="Vendor_Registration_SubMenu" time="1.586"/>
  <testcase classname="Home_Page_Menu.Header_About_Us_SubMenu" name="Technologies_SubMenu" time="0.808"/>
  <testcase classname="Home_Page_Menu.Header_About_Us_SubMenu" name="Methodology_SubMenu" time="0.829"/>
  <testcase classname="Home_Page_Menu.Header_About_Us_SubMenu" name="Alliances_SubMenu" time="0.709"/>
  <testcase classname="Home_Page_Menu.Header_About_Us_SubMenu" name="Infrastructure_SubMenu" time="0.723"/>
  <testcase classname="Home_Page_Menu.Header_About_Us_SubMenu" name="Group_Companies_SubMenu" time="0.704"/>
</testsuite> <!-- Home_Page_Menu.Header_About_Us_SubMenu -->
