<?xml version="1.0" encoding="UTF-8"?>
<!-- Generated by org.testng.reporters.JUnitReportReporter -->
<testsuite hostname="DESKTOP-SKRGRIP" failures="0" tests="5" name="Home_Page_Menu.Services_MobileAppDevelopmentMenu" time="27.072" errors="0" timestamp="2025-02-14T10:59:27 IST" skipped="0">
  <testcase classname="Home_Page_Menu.Services_MobileAppDevelopmentMenu" name="Android_App_Development_SubMenu" time="1.771"/>
  <testcase classname="Home_Page_Menu.Services_MobileAppDevelopmentMenu" name="Enterprise_Mobile_Application_Development_SubMenu" time="1.854"/>
  <testcase classname="Home_Page_Menu.Services_MobileAppDevelopmentMenu" name="Startup_App_Development_SubMenu" time="18.126"/>
  <testcase classname="Home_Page_Menu.Services_MobileAppDevelopmentMenu" name="iOS_App_Developmentt_SubMenu" time="2.310"/>
  <testcase classname="Home_Page_Menu.Services_MobileAppDevelopmentMenu" name="Blockchain_Development_SubMenu" time="3.011"/>
</testsuite> <!-- Home_Page_Menu.Services_MobileAppDevelopmentMenu -->
