<?xml version="1.0" encoding="UTF-8"?>
<!-- Generated by org.testng.reporters.JUnitReportReporter -->
<testsuite hostname="DESKTOP-SKRGRIP" failures="0" tests="3" name="Home_Page_Menu.Services_Web_DesignAndDevelopment_Submenu" time="7.149" errors="0" timestamp="2025-05-07T10:19:29 IST" skipped="0">
  <testcase classname="Home_Page_Menu.Services_Web_DesignAndDevelopment_Submenu" name="Web_Development_Menu" time="2.144"/>
  <testcase classname="Home_Page_Menu.Services_Web_DesignAndDevelopment_Submenu" name="UI_And_UX_Design_Menu" time="2.276"/>
  <testcase classname="Home_Page_Menu.Services_Web_DesignAndDevelopment_Submenu" name="Content_Management_System_Menu" time="2.729"/>
</testsuite> <!-- Home_Page_Menu.Services_Web_DesignAndDevelopment_Submenu -->
