<?xml version="1.0" encoding="UTF-8"?>
<!-- Generated by org.testng.reporters.JUnitReportReporter -->
<testsuite hostname="DESKTOP-SKRGRIP" failures="0" tests="8" name="Home_Page_Menu.Header_Services_Submenu" time="14.957" errors="0" timestamp="2025-02-14T10:59:27 IST" skipped="0">
  <testcase classname="Home_Page_Menu.Header_Services_Submenu" name="Mobile_App_Development_SubMenu" time="1.733"/>
  <testcase classname="Home_Page_Menu.Header_Services_Submenu" name="Digital_Marketing_SubMenu" time="2.766"/>
  <testcase classname="Home_Page_Menu.Header_Services_Submenu" name="Mobile_App_Marketing_Agency_SubMenu" time="2.116"/>
  <testcase classname="Home_Page_Menu.Header_Services_Submenu" name="Hire_Our_Dedicated_Developers_SubMenu" time="1.312"/>
  <testcase classname="Home_Page_Menu.Header_Services_Submenu" name="Web_Design_And_Development_SubMenu" time="1.738"/>
  <testcase classname="Home_Page_Menu.Header_Services_Submenu" name="Business_Consulting_Services_SubMenu" time="1.198"/>
  <testcase classname="Home_Page_Menu.Header_Services_Submenu" name="AI_Services_SubMenu" time="1.549"/>
  <testcase classname="Home_Page_Menu.Header_Services_Submenu" name="GIS_Services_SubMenu" time="2.545"/>
</testsuite> <!-- Home_Page_Menu.Header_Services_Submenu -->
