<?xml version="1.0" encoding="UTF-8"?>
<!-- Generated by org.testng.reporters.JUnitReportReporter -->
<testsuite hostname="DESKTOP-SKRGRIP" failures="0" tests="5" name="Home_Page_Menu.Services_GIS_ServicesMenu" time="13.735" errors="0" timestamp="2025-01-08T09:49:56 IST" skipped="0">
  <testcase classname="Home_Page_Menu.Services_GIS_ServicesMenu" name="BIM_Services_SubMenu" time="2.641"/>
  <testcase classname="Home_Page_Menu.Services_GIS_ServicesMenu" name="Digital_Photogrammetry_Services_SubMenu" time="1.617"/>
  <testcase classname="Home_Page_Menu.Services_GIS_ServicesMenu" name="LiDAR_Services_SubMenu" time="4.499"/>
  <testcase classname="Home_Page_Menu.Services_GIS_ServicesMenu" name="Mobile_LiDAR_SubMenu" time="2.463"/>
  <testcase classname="Home_Page_Menu.Services_GIS_ServicesMenu" name="Orthophoto_Process_SubMenu" time="2.515"/>
</testsuite> <!-- Home_Page_Menu.Services_GIS_ServicesMenu -->
