<?xml version="1.0" encoding="UTF-8"?>
<!-- Generated by org.testng.reporters.JUnitReportReporter -->
<testsuite hostname="DESKTOP-SKRGRIP" failures="0" tests="13" name="Home_Page_Menu.Home_Menu_Body" time="64.000" errors="0" timestamp="2025-01-08T09:49:56 IST" skipped="0">
  <testcase classname="Home_Page_Menu.Home_Menu_Body" name="Get_In_Touch_1_button" time="22.193"/>
  <testcase classname="Home_Page_Menu.Home_Menu_Body" name="Get_In_Touch_2_button" time="6.152"/>
  <testcase classname="Home_Page_Menu.Home_Menu_Body" name="Get_In_Touch_3_button" time="2.653"/>
  <testcase classname="Home_Page_Menu.Home_Menu_Body" name="OurServices_Seamore_button" time="3.369"/>
  <testcase classname="Home_Page_Menu.Home_Menu_Body" name="ExploreMore_button" time="1.342"/>
  <testcase classname="Home_Page_Menu.Home_Menu_Body" name="ourServices_MobileAppDevelopment_Menu" time="1.431"/>
  <testcase classname="Home_Page_Menu.Home_Menu_Body" name="ourServices_DedicatedDevelopers_Menu" time="3.586"/>
  <testcase classname="Home_Page_Menu.Home_Menu_Body" name="ourServices_DigitalMarketingServices_Menu" time="4.015"/>
  <testcase classname="Home_Page_Menu.Home_Menu_Body" name="ourServices_MobileAppMarketing_Menu" time="3.389"/>
  <testcase classname="Home_Page_Menu.Home_Menu_Body" name="ourServices_IoTDevelopment_Menu" time="3.608"/>
  <testcase classname="Home_Page_Menu.Home_Menu_Body" name="ourServices_EnterpriseAppDevelopment_Menu" time="4.754"/>
  <testcase classname="Home_Page_Menu.Home_Menu_Body" name="ourServices_UIorUXDesign_Menu" time="3.627"/>
  <testcase classname="Home_Page_Menu.Home_Menu_Body" name="ourServices_WebDevelopmentServices_Menu" time="3.881"/>
</testsuite> <!-- Home_Page_Menu.Home_Menu_Body -->
