<?xml version="1.0" encoding="UTF-8"?>
<!-- Generated by org.testng.reporters.JUnitReportReporter -->
<testsuite hostname="DESKTOP-SKRGRIP" failures="0" tests="20" name="Home_Page_Menu.Home_Page_Footer_Menu" time="35.314" errors="0" timestamp="2025-02-14T10:59:27 IST" skipped="0">
  <testcase classname="Home_Page_Menu.Home_Page_Footer_Menu" name="Job_Enquiry_Apply_Here_Menu" time="1.267"/>
  <testcase classname="Home_Page_Menu.Home_Page_Footer_Menu" name="About_Us_Menu" time="1.042"/>
  <testcase classname="Home_Page_Menu.Home_Page_Footer_Menu" name="Careers_Menu" time="1.450"/>
  <testcase classname="Home_Page_Menu.Home_Page_Footer_Menu" name="Become_Our_Representative_Menu" time="1.041"/>
  <testcase classname="Home_Page_Menu.Home_Page_Footer_Menu" name="Privacy_Policy_Menu" time="2.372"/>
  <testcase classname="Home_Page_Menu.Home_Page_Footer_Menu" name="Subscribe_NewsLetter_Field" time="6.795"/>
  <testcase classname="Home_Page_Menu.Home_Page_Footer_Menu" name="SiteMap_Menu" time="1.401"/>
  <testcase classname="Home_Page_Menu.Home_Page_Footer_Menu" name="iOS_App_Development_Menu" time="1.123"/>
  <testcase classname="Home_Page_Menu.Home_Page_Footer_Menu" name="Android_App_Development_Menu" time="1.090"/>
  <testcase classname="Home_Page_Menu.Home_Page_Footer_Menu" name="Mobile_Games_Marketing_Menu" time="1.911"/>
  <testcase classname="Home_Page_Menu.Home_Page_Footer_Menu" name="App_Store_Optimization_Services_Menu" time="1.468"/>
  <testcase classname="Home_Page_Menu.Home_Page_Footer_Menu" name="IoT_Development_Services_Menu" time="1.243"/>
  <testcase classname="Home_Page_Menu.Home_Page_Footer_Menu" name="AI_Services_Menu" time="1.387"/>
  <testcase classname="Home_Page_Menu.Home_Page_Footer_Menu" name="GIS_Services_Menu" time="2.025"/>
  <testcase classname="Home_Page_Menu.Home_Page_Footer_Menu" name="Web_App_Development_Menu" time="1.511"/>
  <testcase classname="Home_Page_Menu.Home_Page_Footer_Menu" name="Wallet_Integration_Menu" time="1.211"/>
  <testcase classname="Home_Page_Menu.Home_Page_Footer_Menu" name="Conversion_Rate_Optimization_Services_Menu" time="1.211"/>
  <testcase classname="Home_Page_Menu.Home_Page_Footer_Menu" name="Performance_Marketing_Services_Menu" time="1.285"/>
  <testcase classname="Home_Page_Menu.Home_Page_Footer_Menu" name="School_Management_Software_Menu" time="2.556"/>
  <testcase classname="Home_Page_Menu.Home_Page_Footer_Menu" name="Intelligent_Business_Process_Automation_Software_Menu" time="1.925"/>
</testsuite> <!-- Home_Page_Menu.Home_Page_Footer_Menu -->
