<?xml version="1.0" encoding="UTF-8"?>
<!-- Generated by org.testng.reporters.JUnitReportReporter -->
<testsuite hostname="DESKTOP-SKRGRIP" failures="0" tests="10" name="Home_Page_Menu.Header_Services_Submenu" time="15.310" errors="0" timestamp="2024-10-17T10:09:29 IST" skipped="0">
  <testcase classname="Home_Page_Menu.Header_Services_Submenu" name="Mobile_App_Development_SubMenu" time="1.739"/>
  <testcase classname="Home_Page_Menu.Header_Services_Submenu" name="Digital_Marketing_SubMenu" time="2.422"/>
  <testcase classname="Home_Page_Menu.Header_Services_Submenu" name="Mobile_App_Marketing_Agency_SubMenu" time="1.587"/>
  <testcase classname="Home_Page_Menu.Header_Services_Submenu" name="Hire_Our_Dedicated_Developers_SubMenu" time="1.546"/>
  <testcase classname="Home_Page_Menu.Header_Services_Submenu" name="Web_Design_And_Development_SubMenu" time="0.776"/>
  <testcase classname="Home_Page_Menu.Header_Services_Submenu" name="Business_Consulting_Services_SubMenu" time="1.305"/>
  <testcase classname="Home_Page_Menu.Header_Services_Submenu" name="AI_Services_SubMenu" time="1.263"/>
  <testcase classname="Home_Page_Menu.Header_Services_Submenu" name="Wallet_Integration_Service_SubMenu" time="1.561"/>
  <testcase classname="Home_Page_Menu.Header_Services_Submenu" name="Blockchain_Development_SubMenu" time="2.127"/>
  <testcase classname="Home_Page_Menu.Header_Services_Submenu" name="Managed_Services_SubMenu" time="0.984"/>
</testsuite> <!-- Home_Page_Menu.Header_Services_Submenu -->
