<?xml version="1.0" encoding="UTF-8"?>
<!-- Generated by org.testng.reporters.JUnitReportReporter -->
<testsuite hostname="DESKTOP-SKRGRIP" failures="0" tests="3" name="Home_Page_Menu.Home_Menu_Body" time="14.322" errors="0" timestamp="2024-10-16T10:12:12 IST" skipped="0">
  <testcase classname="Home_Page_Menu.Home_Menu_Body" name="Get_In_Touch_1_button" time="5.463"/>
  <testcase classname="Home_Page_Menu.Home_Menu_Body" name="Get_In_Touch_2_button" time="6.024"/>
  <testcase classname="Home_Page_Menu.Home_Menu_Body" name="Get_In_Touch_3_button" time="2.835"/>
</testsuite> <!-- Home_Page_Menu.Home_Menu_Body -->
