<?xml version="1.0" encoding="UTF-8"?>
<!-- Generated by org.testng.reporters.JUnitReportReporter -->
<testsuite hostname="DESKTOP-SKRGRIP" failures="0" tests="6" name="Form_Filling_Test.Forms_Validation" time="117.470" errors="0" timestamp="2025-02-14T10:59:27 IST" skipped="0">
  <testcase classname="Form_Filling_Test.Forms_Validation" name="ContactForm" time="23.413"/>
  <testcase classname="Form_Filling_Test.Forms_Validation" name="GetQuoteForm" time="15.106"/>
  <testcase classname="Form_Filling_Test.Forms_Validation" name="QuickConsultationForm" time="13.354"/>
  <testcase classname="Form_Filling_Test.Forms_Validation" name="JobApplicationForm" time="31.578"/>
  <testcase classname="Form_Filling_Test.Forms_Validation" name="SendMessageForm" time="9.348"/>
  <testcase classname="Form_Filling_Test.Forms_Validation" name="Vendor_Form_Filling" time="24.671"/>
</testsuite> <!-- Form_Filling_Test.Forms_Validation -->
