<?xml version="1.0" encoding="UTF-8"?>
<!-- Generated by org.testng.reporters.JUnitReportReporter -->
<testsuite hostname="DESKTOP-SKRGRIP" failures="0" tests="1" name="Form_Filling_Test.Contact_Us_Form" time="18.238" errors="0" timestamp="2024-06-27T15:59:28 IST" skipped="0">
  <testcase classname="Form_Filling_Test.Contact_Us_Form" name="form_Filling" time="18.238"/>
</testsuite> <!-- Form_Filling_Test.Contact_Us_Form -->
