<?xml version="1.0" encoding="UTF-8"?>
<!-- Generated by org.testng.reporters.JUnitReportReporter -->
<testsuite hostname="DESKTOP-SKRGRIP" failures="0" tests="5" name="Home_Page_Menu.Services_GIS_ServicesMenu" time="12.384" errors="0" timestamp="2025-02-14T10:59:27 IST" skipped="0">
  <testcase classname="Home_Page_Menu.Services_GIS_ServicesMenu" name="BIM_Services_SubMenu" time="3.559"/>
  <testcase classname="Home_Page_Menu.Services_GIS_ServicesMenu" name="Digital_Photogrammetry_Services_SubMenu" time="2.403"/>
  <testcase classname="Home_Page_Menu.Services_GIS_ServicesMenu" name="LiDAR_Services_SubMenu" time="1.907"/>
  <testcase classname="Home_Page_Menu.Services_GIS_ServicesMenu" name="Mobile_LiDAR_SubMenu" time="2.673"/>
  <testcase classname="Home_Page_Menu.Services_GIS_ServicesMenu" name="Orthophoto_Process_SubMenu" time="1.842"/>
</testsuite> <!-- Home_Page_Menu.Services_GIS_ServicesMenu -->
