<?xml version="1.0" encoding="UTF-8"?>
<!-- Generated by org.testng.reporters.JUnitReportReporter -->
<testsuite hostname="DESKTOP-SKRGRIP" failures="0" tests="20" name="Home_Page_Menu.Home_Page_Footer_Menu" time="37.327" errors="0" timestamp="2025-05-07T10:19:29 IST" skipped="0">
  <testcase classname="Home_Page_Menu.Home_Page_Footer_Menu" name="Job_Enquiry_Apply_Here_Menu" time="1.234"/>
  <testcase classname="Home_Page_Menu.Home_Page_Footer_Menu" name="About_Us_Menu" time="0.951"/>
  <testcase classname="Home_Page_Menu.Home_Page_Footer_Menu" name="Careers_Menu" time="1.063"/>
  <testcase classname="Home_Page_Menu.Home_Page_Footer_Menu" name="Become_Our_Representative_Menu" time="1.338"/>
  <testcase classname="Home_Page_Menu.Home_Page_Footer_Menu" name="Privacy_Policy_Menu" time="1.084"/>
  <testcase classname="Home_Page_Menu.Home_Page_Footer_Menu" name="SiteMap_Menu" time="0.916"/>
  <testcase classname="Home_Page_Menu.Home_Page_Footer_Menu" name="Subscribe_NewsLetter_Field" time="6.879"/>
  <testcase classname="Home_Page_Menu.Home_Page_Footer_Menu" name="iOS_App_Development_Menu" time="4.411"/>
  <testcase classname="Home_Page_Menu.Home_Page_Footer_Menu" name="Android_App_Development_Menu" time="1.129"/>
  <testcase classname="Home_Page_Menu.Home_Page_Footer_Menu" name="Mobile_Games_Marketing_Menu" time="1.876"/>
  <testcase classname="Home_Page_Menu.Home_Page_Footer_Menu" name="App_Store_Optimization_Services_Menu" time="1.796"/>
  <testcase classname="Home_Page_Menu.Home_Page_Footer_Menu" name="IoT_Development_Services_Menu" time="1.049"/>
  <testcase classname="Home_Page_Menu.Home_Page_Footer_Menu" name="AI_Services_Menu" time="1.361"/>
  <testcase classname="Home_Page_Menu.Home_Page_Footer_Menu" name="GIS_Services_Menu" time="2.251"/>
  <testcase classname="Home_Page_Menu.Home_Page_Footer_Menu" name="Web_App_Development_Menu" time="2.004"/>
  <testcase classname="Home_Page_Menu.Home_Page_Footer_Menu" name="Wallet_Integration_Menu" time="1.078"/>
  <testcase classname="Home_Page_Menu.Home_Page_Footer_Menu" name="Conversion_Rate_Optimization_Services_Menu" time="1.096"/>
  <testcase classname="Home_Page_Menu.Home_Page_Footer_Menu" name="Performance_Marketing_Services_Menu" time="1.481"/>
  <testcase classname="Home_Page_Menu.Home_Page_Footer_Menu" name="School_Management_Software_Menu" time="2.649"/>
  <testcase classname="Home_Page_Menu.Home_Page_Footer_Menu" name="Intelligent_Business_Process_Automation_Software_Menu" time="1.681"/>
</testsuite> <!-- Home_Page_Menu.Home_Page_Footer_Menu -->
