<?xml version="1.0" encoding="UTF-8"?>
<!-- Generated by org.testng.reporters.JUnitReportReporter -->
<testsuite hostname="DESKTOP-SKRGRIP" failures="0" tests="6" name="Form_Filling_Test.Forms_Validation" time="109.374" errors="0" timestamp="2024-10-17T10:09:29 IST" skipped="0">
  <testcase classname="Form_Filling_Test.Forms_Validation" name="ContactForm" time="16.575"/>
  <testcase classname="Form_Filling_Test.Forms_Validation" name="GetQuoteForm" time="15.890"/>
  <testcase classname="Form_Filling_Test.Forms_Validation" name="QuickConsultationForm" time="12.686"/>
  <testcase classname="Form_Filling_Test.Forms_Validation" name="JobApplicationForm" time="30.883"/>
  <testcase classname="Form_Filling_Test.Forms_Validation" name="SendMessageForm" time="9.872"/>
  <testcase classname="Form_Filling_Test.Forms_Validation" name="Vendor_Form_Filling" time="23.468"/>
</testsuite> <!-- Form_Filling_Test.Forms_Validation -->
