<?xml version="1.0" encoding="UTF-8"?>
<!-- Generated by org.testng.reporters.JUnitReportReporter -->
<testsuite hostname="DESKTOP-SKRGRIP" failures="0" tests="8" name="Home_Page_Menu.Header_Menu_Header" time="15.133" errors="0" timestamp="2025-05-07T10:19:29 IST" skipped="0">
  <testcase classname="Home_Page_Menu.Header_Menu_Header" name="Logo" time="0.596"/>
  <testcase classname="Home_Page_Menu.Header_Menu_Header" name="Home_Menu" time="1.747"/>
  <testcase classname="Home_Page_Menu.Header_Menu_Header" name="About_Us_Menu" time="1.472"/>
  <testcase classname="Home_Page_Menu.Header_Menu_Header" name="Get_Quote_Menu" time="1.520"/>
  <testcase classname="Home_Page_Menu.Header_Menu_Header" name="Contact_Menu" time="1.291"/>
  <testcase classname="Home_Page_Menu.Header_Menu_Header" name="Portfolio_Menu" time="1.478"/>
  <testcase classname="Home_Page_Menu.Header_Menu_Header" name="Blog_Menu" time="1.573"/>
  <testcase classname="Home_Page_Menu.Header_Menu_Header" name="Contact_Telephone_Icon_Menu" time="5.456"/>
</testsuite> <!-- Home_Page_Menu.Header_Menu_Header -->
