<?xml version="1.0" encoding="UTF-8"?>
<!-- Generated by org.testng.reporters.JUnitReportReporter -->
<testsuite hostname="DESKTOP-SKRGRIP" failures="0" tests="1" name="Home_Page_Menu.Services_BusinessConsultingServices" time="2.159" errors="0" timestamp="2025-01-08T09:49:56 IST" skipped="0">
  <testcase classname="Home_Page_Menu.Services_BusinessConsultingServices" name="Mobile_App_Business_Consultation_SubMenu" time="2.159"/>
</testsuite> <!-- Home_Page_Menu.Services_BusinessConsultingServices -->
