<?xml version="1.0" encoding="UTF-8"?>
<!-- Generated by org.testng.reporters.JUnitReportReporter -->
<testsuite hostname="DESKTOP-SKRGRIP" failures="0" tests="8" name="Home_Page_Menu.Header_Menu_Header" time="18.498" errors="0" timestamp="2025-02-14T10:59:27 IST" skipped="0">
  <testcase classname="Home_Page_Menu.Header_Menu_Header" name="Logo" time="1.506"/>
  <testcase classname="Home_Page_Menu.Header_Menu_Header" name="Home_Menu" time="0.894"/>
  <testcase classname="Home_Page_Menu.Header_Menu_Header" name="About_Us_Menu" time="1.486"/>
  <testcase classname="Home_Page_Menu.Header_Menu_Header" name="Get_Quote_Menu" time="1.614"/>
  <testcase classname="Home_Page_Menu.Header_Menu_Header" name="Contact_Menu" time="1.258"/>
  <testcase classname="Home_Page_Menu.Header_Menu_Header" name="Portfolio_Menu" time="2.597"/>
  <testcase classname="Home_Page_Menu.Header_Menu_Header" name="Blog_Menu" time="1.322"/>
  <testcase classname="Home_Page_Menu.Header_Menu_Header" name="Contact_Telephone_Icon_Menu" time="7.821"/>
</testsuite> <!-- Home_Page_Menu.Header_Menu_Header -->
