<?xml version="1.0" encoding="UTF-8"?>
<!-- Generated by org.testng.reporters.JUnitReportReporter -->
<testsuite hostname="DESKTOP-SKRGRIP" failures="0" tests="12" name="Home_Page_Menu.Services_MobileAppMarketingAgency_Menu" time="36.059" errors="0" timestamp="2025-01-08T09:49:56 IST" skipped="0">
  <testcase classname="Home_Page_Menu.Services_MobileAppMarketingAgency_Menu" name="App_Store_Optimization_Services_SubMenu" time="3.462"/>
  <testcase classname="Home_Page_Menu.Services_MobileAppMarketingAgency_Menu" name="Localization_SubMenu" time="2.953"/>
  <testcase classname="Home_Page_Menu.Services_MobileAppMarketingAgency_Menu" name="User_Engagement_SubMenu" time="2.891"/>
  <testcase classname="Home_Page_Menu.Services_MobileAppMarketingAgency_Menu" name="Android_Apps_Marketing_SubMenu" time="3.407"/>
  <testcase classname="Home_Page_Menu.Services_MobileAppMarketingAgency_Menu" name="iPhone_Apps_Marketing_SubMenu" time="2.924"/>
  <testcase classname="Home_Page_Menu.Services_MobileAppMarketingAgency_Menu" name="Free_Consulations_Service_SubMenu" time="2.873"/>
  <testcase classname="Home_Page_Menu.Services_MobileAppMarketingAgency_Menu" name="Mobile_App_Ads_Campaign_Management_SubMenu" time="2.899"/>
  <testcase classname="Home_Page_Menu.Services_MobileAppMarketingAgency_Menu" name="Mobile_Games_Marketing_SubMenu" time="3.187"/>
  <testcase classname="Home_Page_Menu.Services_MobileAppMarketingAgency_Menu" name="Mobile_Pre_Launch_Activities_SubMenu" time="2.869"/>
  <testcase classname="Home_Page_Menu.Services_MobileAppMarketingAgency_Menu" name="Mobile_App_Market_Research_SubMenu" time="2.898"/>
  <testcase classname="Home_Page_Menu.Services_MobileAppMarketingAgency_Menu" name="Mobile_App_Growth_Marketing_SubMenu" time="2.810"/>
  <testcase classname="Home_Page_Menu.Services_MobileAppMarketingAgency_Menu" name="Mobile_App_Prototype_SubMenu" time="2.886"/>
</testsuite> <!-- Home_Page_Menu.Services_MobileAppMarketingAgency_Menu -->
