<?xml version="1.0" encoding="UTF-8"?>
<!-- Generated by org.testng.reporters.JUnitReportReporter -->
<testsuite hostname="DESKTOP-SKRGRIP" failures="0" tests="10" name="Home_Page_Menu.Header_Services_Submenu" time="9.999" errors="0" timestamp="2024-10-16T10:12:12 IST" skipped="0">
  <testcase classname="Home_Page_Menu.Header_Services_Submenu" name="Mobile_App_Development_SubMenu" time="1.110"/>
  <testcase classname="Home_Page_Menu.Header_Services_Submenu" name="Digital_Marketing_SubMenu" time="0.886"/>
  <testcase classname="Home_Page_Menu.Header_Services_Submenu" name="Mobile_App_Marketing_Agency_SubMenu" time="0.850"/>
  <testcase classname="Home_Page_Menu.Header_Services_Submenu" name="Hire_Our_Dedicated_Developers_SubMenu" time="0.894"/>
  <testcase classname="Home_Page_Menu.Header_Services_Submenu" name="Web_Design_And_Development_SubMenu" time="0.834"/>
  <testcase classname="Home_Page_Menu.Header_Services_Submenu" name="Business_Consulting_Services_SubMenu" time="1.949"/>
  <testcase classname="Home_Page_Menu.Header_Services_Submenu" name="AI_Services_SubMenu" time="0.844"/>
  <testcase classname="Home_Page_Menu.Header_Services_Submenu" name="Wallet_Integration_Service_SubMenu" time="0.848"/>
  <testcase classname="Home_Page_Menu.Header_Services_Submenu" name="Blockchain_Development_SubMenu" time="0.863"/>
  <testcase classname="Home_Page_Menu.Header_Services_Submenu" name="Managed_Services_SubMenu" time="0.921"/>
</testsuite> <!-- Home_Page_Menu.Header_Services_Submenu -->
