<?xml version="1.0" encoding="UTF-8"?>
<!-- Generated by org.testng.reporters.JUnitReportReporter -->
<testsuite hostname="DESKTOP-SKRGRIP" failures="0" tests="7" name="Home_Page_Menu.Services_MobileAppDevelopmentMenu" time="28.985" errors="0" timestamp="2024-10-17T10:09:29 IST" skipped="0">
  <testcase classname="Home_Page_Menu.Services_MobileAppDevelopmentMenu" name="Android_App_Development_SubMenu" time="3.486"/>
  <testcase classname="Home_Page_Menu.Services_MobileAppDevelopmentMenu" name="Enterprise_Mobile_Application_Development_SubMenu" time="2.075"/>
  <testcase classname="Home_Page_Menu.Services_MobileAppDevelopmentMenu" name="Startup_App_Development_SubMenu" time="16.038"/>
  <testcase classname="Home_Page_Menu.Services_MobileAppDevelopmentMenu" name="iOS_App_Developmentt_SubMenu" time="1.478"/>
  <testcase classname="Home_Page_Menu.Services_MobileAppDevelopmentMenu" name="iPad_App_Development_SubMenu" time="1.788"/>
  <testcase classname="Home_Page_Menu.Services_MobileAppDevelopmentMenu" name="HTML5_Development_SubMenu" time="2.638"/>
  <testcase classname="Home_Page_Menu.Services_MobileAppDevelopmentMenu" name="Windows_Application_Development_SubMenu" time="1.482"/>
</testsuite> <!-- Home_Page_Menu.Services_MobileAppDevelopmentMenu -->
