<?xml version="1.0" encoding="UTF-8"?>
<!-- Generated by org.testng.reporters.JUnitReportReporter -->
<testsuite hostname="DESKTOP-SKRGRIP" failures="0" tests="5" name="Home_Page_Menu.Services_MobileAppDevelopmentMenu" time="25.558" errors="0" timestamp="2025-01-08T09:49:56 IST" skipped="0">
  <testcase classname="Home_Page_Menu.Services_MobileAppDevelopmentMenu" name="Android_App_Development_SubMenu" time="1.938"/>
  <testcase classname="Home_Page_Menu.Services_MobileAppDevelopmentMenu" name="Enterprise_Mobile_Application_Development_SubMenu" time="1.540"/>
  <testcase classname="Home_Page_Menu.Services_MobileAppDevelopmentMenu" name="Startup_App_Development_SubMenu" time="18.591"/>
  <testcase classname="Home_Page_Menu.Services_MobileAppDevelopmentMenu" name="iOS_App_Developmentt_SubMenu" time="1.673"/>
  <testcase classname="Home_Page_Menu.Services_MobileAppDevelopmentMenu" name="Blockchain_Development_SubMenu" time="1.816"/>
</testsuite> <!-- Home_Page_Menu.Services_MobileAppDevelopmentMenu -->
