<?xml version="1.0" encoding="UTF-8"?>
<!-- Generated by org.testng.reporters.JUnitReportReporter -->
<testsuite hostname="DESKTOP-SKRGRIP" failures="0" tests="3" name="Home_Page_Menu.Home_Menu_Body" time="14.807" errors="0" timestamp="2024-10-17T10:09:29 IST" skipped="0">
  <testcase classname="Home_Page_Menu.Home_Menu_Body" name="Get_In_Touch_1_button" time="4.910"/>
  <testcase classname="Home_Page_Menu.Home_Menu_Body" name="Get_In_Touch_2_button" time="6.148"/>
  <testcase classname="Home_Page_Menu.Home_Menu_Body" name="Get_In_Touch_3_button" time="3.749"/>
</testsuite> <!-- Home_Page_Menu.Home_Menu_Body -->
