<?xml version="1.0" encoding="UTF-8"?>
<!-- Generated by org.testng.reporters.JUnitReportReporter -->
<testsuite hostname="DESKTOP-SKRGRIP" failures="0" tests="5" name="Home_Page_Menu.Services_HireOurDedicatedDevelopers" time="11.102" errors="0" timestamp="2025-01-08T09:49:56 IST" skipped="0">
  <testcase classname="Home_Page_Menu.Services_HireOurDedicatedDevelopers" name="Hire_Our_Android_Developer_SubMenu" time="2.130"/>
  <testcase classname="Home_Page_Menu.Services_HireOurDedicatedDevelopers" name="Hire_Our_iOS_Developers_SubMenu" time="1.989"/>
  <testcase classname="Home_Page_Menu.Services_HireOurDedicatedDevelopers" name="Hire_Our_WordPress_Developers_SubMenu" time="1.527"/>
  <testcase classname="Home_Page_Menu.Services_HireOurDedicatedDevelopers" name="Hire_Our_PHP_Developers_SubMenu" time="4.029"/>
  <testcase classname="Home_Page_Menu.Services_HireOurDedicatedDevelopers" name="Hire_Our_DotNET_Developers_SubMenu" time="1.427"/>
</testsuite> <!-- Home_Page_Menu.Services_HireOurDedicatedDevelopers -->
