<?xml version="1.0" encoding="UTF-8"?>
<!-- Generated by org.testng.reporters.JUnitReportReporter -->
<testsuite hostname="DESKTOP-SKRGRIP" failures="0" tests="5" name="Home_Page_Menu.Header_Resource_Submenu" time="9.542" errors="0" timestamp="2025-02-14T10:59:27 IST" skipped="0">
  <testcase classname="Home_Page_Menu.Header_Resource_Submenu" name="Case_Studies_SubMenu" time="2.001"/>
  <testcase classname="Home_Page_Menu.Header_Resource_Submenu" name="White_Papers_SubMenu" time="1.823"/>
  <testcase classname="Home_Page_Menu.Header_Resource_Submenu" name="Ebooks_SubMenu" time="1.535"/>
  <testcase classname="Home_Page_Menu.Header_Resource_Submenu" name="Webinars_SubMenu" time="2.525"/>
  <testcase classname="Home_Page_Menu.Header_Resource_Submenu" name="Knowledge_Base_SubMenu" time="1.658"/>
</testsuite> <!-- Home_Page_Menu.Header_Resource_Submenu -->
