<?xml version="1.0" encoding="UTF-8"?>
<!-- Generated by org.testng.reporters.JUnitReportReporter -->
<testsuite hostname="DESKTOP-SKRGRIP" failures="0" tests="8" name="Home_Page_Menu.Header_Services_Submenu" time="17.886" errors="0" timestamp="2025-05-07T10:19:29 IST" skipped="0">
  <testcase classname="Home_Page_Menu.Header_Services_Submenu" name="Mobile_App_Development_SubMenu" time="4.859"/>
  <testcase classname="Home_Page_Menu.Header_Services_Submenu" name="Digital_Marketing_SubMenu" time="2.068"/>
  <testcase classname="Home_Page_Menu.Header_Services_Submenu" name="Mobile_App_Marketing_Agency_SubMenu" time="2.438"/>
  <testcase classname="Home_Page_Menu.Header_Services_Submenu" name="Hire_Our_Dedicated_Developers_SubMenu" time="2.196"/>
  <testcase classname="Home_Page_Menu.Header_Services_Submenu" name="Web_Design_And_Development_SubMenu" time="0.680"/>
  <testcase classname="Home_Page_Menu.Header_Services_Submenu" name="Business_Consulting_Services_SubMenu" time="1.424"/>
  <testcase classname="Home_Page_Menu.Header_Services_Submenu" name="AI_Services_SubMenu" time="1.844"/>
  <testcase classname="Home_Page_Menu.Header_Services_Submenu" name="GIS_Services_SubMenu" time="2.377"/>
</testsuite> <!-- Home_Page_Menu.Header_Services_Submenu -->
