<?xml version="1.0" encoding="UTF-8"?>
<!-- Generated by org.testng.reporters.JUnitReportReporter -->
<testsuite hostname="DESKTOP-SKRGRIP" failures="0" tests="7" name="Home_Page_Menu.Social_Media_Icons_Footer" time="40.451" errors="0" timestamp="2024-10-17T10:09:29 IST" skipped="0">
  <testcase classname="Home_Page_Menu.Social_Media_Icons_Footer" name="Whatsapp_Icon" time="12.824"/>
  <testcase classname="Home_Page_Menu.Social_Media_Icons_Footer" name="Facebook_Icon" time="3.831"/>
  <testcase classname="Home_Page_Menu.Social_Media_Icons_Footer" name="Twitter_Icon" time="6.361"/>
  <testcase classname="Home_Page_Menu.Social_Media_Icons_Footer" name="Pinterest_Icon" time="4.618"/>
  <testcase classname="Home_Page_Menu.Social_Media_Icons_Footer" name="Youtube_Icon" time="4.581"/>
  <testcase classname="Home_Page_Menu.Social_Media_Icons_Footer" name="Instagram_Icon" time="4.417"/>
  <testcase classname="Home_Page_Menu.Social_Media_Icons_Footer" name="Linkedin_Icon" time="3.819"/>
</testsuite> <!-- Home_Page_Menu.Social_Media_Icons_Footer -->
