<?xml version="1.0" encoding="UTF-8"?>
<!-- Generated by org.testng.reporters.JUnitReportReporter -->
<testsuite hostname="DESKTOP-SKRGRIP" failures="0" tests="7" name="Home_Page_Menu.Services_MobileAppDevelopmentMenu" time="13.990" errors="0" timestamp="2024-10-16T10:12:12 IST" skipped="0">
  <testcase classname="Home_Page_Menu.Services_MobileAppDevelopmentMenu" name="Android_App_Development_SubMenu" time="2.899"/>
  <testcase classname="Home_Page_Menu.Services_MobileAppDevelopmentMenu" name="Enterprise_Mobile_Application_Development_SubMenu" time="1.055"/>
  <testcase classname="Home_Page_Menu.Services_MobileAppDevelopmentMenu" name="Startup_App_Development_SubMenu" time="2.226"/>
  <testcase classname="Home_Page_Menu.Services_MobileAppDevelopmentMenu" name="iOS_App_Developmentt_SubMenu" time="1.786"/>
  <testcase classname="Home_Page_Menu.Services_MobileAppDevelopmentMenu" name="iPad_App_Development_SubMenu" time="1.423"/>
  <testcase classname="Home_Page_Menu.Services_MobileAppDevelopmentMenu" name="HTML5_Development_SubMenu" time="2.886"/>
  <testcase classname="Home_Page_Menu.Services_MobileAppDevelopmentMenu" name="Windows_Application_Development_SubMenu" time="1.715"/>
</testsuite> <!-- Home_Page_Menu.Services_MobileAppDevelopmentMenu -->
