<?xml version="1.0" encoding="UTF-8"?>
<!-- Generated by org.testng.reporters.JUnitReportReporter -->
<testsuite hostname="DESKTOP-SKRGRIP" failures="0" tests="12" name="Home_Page_Menu.Services_MobileAppMarketingAgency_Menu" time="75.974" errors="0" timestamp="2025-05-07T10:19:28 IST" skipped="0">
  <testcase classname="Home_Page_Menu.Services_MobileAppMarketingAgency_Menu" name="App_Store_Optimization_Services_SubMenu" time="6.416"/>
  <testcase classname="Home_Page_Menu.Services_MobileAppMarketingAgency_Menu" name="Localization_SubMenu" time="5.506"/>
  <testcase classname="Home_Page_Menu.Services_MobileAppMarketingAgency_Menu" name="User_Engagement_SubMenu" time="5.734"/>
  <testcase classname="Home_Page_Menu.Services_MobileAppMarketingAgency_Menu" name="Android_Apps_Marketing_SubMenu" time="5.310"/>
  <testcase classname="Home_Page_Menu.Services_MobileAppMarketingAgency_Menu" name="iPhone_Apps_Marketing_SubMenu" time="5.787"/>
  <testcase classname="Home_Page_Menu.Services_MobileAppMarketingAgency_Menu" name="Free_Consulations_Service_SubMenu" time="8.352"/>
  <testcase classname="Home_Page_Menu.Services_MobileAppMarketingAgency_Menu" name="Mobile_App_Ads_Campaign_Management_SubMenu" time="8.384"/>
  <testcase classname="Home_Page_Menu.Services_MobileAppMarketingAgency_Menu" name="Mobile_Games_Marketing_SubMenu" time="5.323"/>
  <testcase classname="Home_Page_Menu.Services_MobileAppMarketingAgency_Menu" name="Mobile_Pre_Launch_Activities_SubMenu" time="6.377"/>
  <testcase classname="Home_Page_Menu.Services_MobileAppMarketingAgency_Menu" name="Mobile_App_Market_Research_SubMenu" time="8.317"/>
  <testcase classname="Home_Page_Menu.Services_MobileAppMarketingAgency_Menu" name="Mobile_App_Growth_Marketing_SubMenu" time="5.148"/>
  <testcase classname="Home_Page_Menu.Services_MobileAppMarketingAgency_Menu" name="Mobile_App_Prototype_SubMenu" time="5.320"/>
</testsuite> <!-- Home_Page_Menu.Services_MobileAppMarketingAgency_Menu -->
