<?xml version="1.0" encoding="UTF-8"?>
<!-- Generated by org.testng.reporters.JUnitReportReporter -->
<testsuite hostname="DESKTOP-SKRGRIP" failures="0" tests="8" name="Home_Page_Menu.Header_Menu_Header" time="29.891" errors="0" timestamp="2024-10-17T10:09:29 IST" skipped="0">
  <testcase classname="Home_Page_Menu.Header_Menu_Header" name="Logo" time="0.581"/>
  <testcase classname="Home_Page_Menu.Header_Menu_Header" name="Home_Menu" time="0.437"/>
  <testcase classname="Home_Page_Menu.Header_Menu_Header" name="About_Us_Menu" time="2.011"/>
  <testcase classname="Home_Page_Menu.Header_Menu_Header" name="Get_Quote_Menu" time="18.461"/>
  <testcase classname="Home_Page_Menu.Header_Menu_Header" name="Contact_Menu" time="0.750"/>
  <testcase classname="Home_Page_Menu.Header_Menu_Header" name="Portfolio_Menu" time="0.782"/>
  <testcase classname="Home_Page_Menu.Header_Menu_Header" name="Blog_Menu" time="0.962"/>
  <testcase classname="Home_Page_Menu.Header_Menu_Header" name="Contact_Telephone_Icon_Menu" time="5.907"/>
</testsuite> <!-- Home_Page_Menu.Header_Menu_Header -->
