<?xml version="1.0" encoding="UTF-8"?>
<!-- Generated by org.testng.reporters.JUnitReportReporter -->
<testsuite hostname="DESKTOP-SKRGRIP" failures="0" tests="6" name="Form_Filling_Test.Forms_Validation" time="107.738" errors="0" timestamp="2025-05-07T10:19:29 IST" skipped="0">
  <testcase classname="Form_Filling_Test.Forms_Validation" name="ContactForm" time="16.414"/>
  <testcase classname="Form_Filling_Test.Forms_Validation" name="GetQuoteForm" time="15.966"/>
  <testcase classname="Form_Filling_Test.Forms_Validation" name="QuickConsultationForm" time="13.137"/>
  <testcase classname="Form_Filling_Test.Forms_Validation" name="JobApplicationForm" time="31.186"/>
  <testcase classname="Form_Filling_Test.Forms_Validation" name="SendMessageForm" time="7.035"/>
  <testcase classname="Form_Filling_Test.Forms_Validation" name="Vendor_Form_Filling" time="24.000"/>
</testsuite> <!-- Form_Filling_Test.Forms_Validation -->
